::1 - - [17/Jun/2020:22:03:05 +0000] "GET / HTTP/1.1" 200 4719 "-" "Mozilla/5.0 (Windows NT 10.0; Win64; x64) AppleWebKit/537.36 (KHTML, like Gecko) Chrome/83.0.4103.97 Safari/537.36"
::1 - - [17/Jun/2020:22:03:18 +0000] "GET /users/signin HTTP/1.1" 304 - "http://localhost:8000/" "Mozilla/5.0 (Windows NT 10.0; Win64; x64) AppleWebKit/537.36 (KHTML, like Gecko) Chrome/83.0.4103.97 Safari/537.36"
::1 - - [17/Jun/2020:22:03:22 +0000] "POST /users/create-session HTTP/1.1" 302 46 "http://localhost:8000/users/signin" "Mozilla/5.0 (Windows NT 10.0; Win64; x64) AppleWebKit/537.36 (KHTML, like Gecko) Chrome/83.0.4103.97 Safari/537.36"
::1 - - [17/Jun/2020:22:03:22 +0000] "GET / HTTP/1.1" 200 7995 "http://localhost:8000/users/signin" "Mozilla/5.0 (Windows NT 10.0; Win64; x64) AppleWebKit/537.36 (KHTML, like Gecko) Chrome/83.0.4103.97 Safari/537.36"
::1 - - [17/Jun/2020:22:06:11 +0000] "GET /users/profile/5eea7a741ef0e844841e01e7 HTTP/1.1" 200 2106 "http://localhost:8000/" "Mozilla/5.0 (Windows NT 10.0; Win64; x64) AppleWebKit/537.36 (KHTML, like Gecko) Chrome/83.0.4103.97 Safari/537.36"
::1 - - [18/Jun/2020:20:11:35 +0000] "GET / HTTP/1.1" 200 4719 "-" "Mozilla/5.0 (Windows NT 10.0; Win64; x64) AppleWebKit/537.36 (KHTML, like Gecko) Chrome/83.0.4103.106 Safari/537.36"
::1 - - [18/Jun/2020:20:11:36 +0000] "GET /favicon.ico HTTP/1.1" 404 150 "http://localhost:8000/" "Mozilla/5.0 (Windows NT 10.0; Win64; x64) AppleWebKit/537.36 (KHTML, like Gecko) Chrome/83.0.4103.106 Safari/537.36"
::1 - - [18/Jun/2020:20:11:45 +0000] "GET /users/signin HTTP/1.1" 304 - "http://localhost:8000/" "Mozilla/5.0 (Windows NT 10.0; Win64; x64) AppleWebKit/537.36 (KHTML, like Gecko) Chrome/83.0.4103.106 Safari/537.36"
::1 - - [18/Jun/2020:20:11:52 +0000] "POST /users/create-session HTTP/1.1" 302 70 "http://localhost:8000/users/signin" "Mozilla/5.0 (Windows NT 10.0; Win64; x64) AppleWebKit/537.36 (KHTML, like Gecko) Chrome/83.0.4103.106 Safari/537.36"
::1 - - [18/Jun/2020:20:11:52 +0000] "GET /users/signin HTTP/1.1" 200 2275 "http://localhost:8000/users/signin" "Mozilla/5.0 (Windows NT 10.0; Win64; x64) AppleWebKit/537.36 (KHTML, like Gecko) Chrome/83.0.4103.106 Safari/537.36"
::1 - - [18/Jun/2020:20:11:58 +0000] "POST /users/create-session HTTP/1.1" 302 46 "http://localhost:8000/users/signin" "Mozilla/5.0 (Windows NT 10.0; Win64; x64) AppleWebKit/537.36 (KHTML, like Gecko) Chrome/83.0.4103.106 Safari/537.36"
::1 - - [18/Jun/2020:20:11:59 +0000] "GET / HTTP/1.1" 200 7995 "http://localhost:8000/users/signin" "Mozilla/5.0 (Windows NT 10.0; Win64; x64) AppleWebKit/537.36 (KHTML, like Gecko) Chrome/83.0.4103.106 Safari/537.36"
::1 - - [18/Jun/2020:20:12:03 +0000] "GET /users/profile/5eea7a741ef0e844841e01e7 HTTP/1.1" 200 2106 "http://localhost:8000/" "Mozilla/5.0 (Windows NT 10.0; Win64; x64) AppleWebKit/537.36 (KHTML, like Gecko) Chrome/83.0.4103.106 Safari/537.36"
::1 - - [18/Jun/2020:21:57:37 +0000] "GET / HTTP/1.1" 200 4719 "-" "Mozilla/5.0 (Windows NT 10.0; Win64; x64) AppleWebKit/537.36 (KHTML, like Gecko) Chrome/83.0.4103.106 Safari/537.36"
::1 - - [18/Jun/2020:21:57:51 +0000] "GET / HTTP/1.1" 304 - "-" "Mozilla/5.0 (Windows NT 10.0; Win64; x64) AppleWebKit/537.36 (KHTML, like Gecko) Chrome/83.0.4103.106 Safari/537.36"
::1 - - [18/Jun/2020:21:57:56 +0000] "GET /users/signin HTTP/1.1" 200 1958 "http://localhost:8000/" "Mozilla/5.0 (Windows NT 10.0; Win64; x64) AppleWebKit/537.36 (KHTML, like Gecko) Chrome/83.0.4103.106 Safari/537.36"
::1 - - [18/Jun/2020:21:58:02 +0000] "GET / HTTP/1.1" 304 - "-" "Mozilla/5.0 (Windows NT 10.0; Win64; x64) AppleWebKit/537.36 (KHTML, like Gecko) Chrome/83.0.4103.106 Safari/537.36"
::1 - - [18/Jun/2020:21:59:53 +0000] "GET / HTTP/1.1" 304 - "-" "Mozilla/5.0 (Windows NT 10.0; Win64; x64) AppleWebKit/537.36 (KHTML, like Gecko) Chrome/83.0.4103.106 Safari/537.36"
::1 - - [18/Jun/2020:22:02:39 +0000] "GET / HTTP/1.1" 304 - "-" "Mozilla/5.0 (Windows NT 10.0; Win64; x64) AppleWebKit/537.36 (KHTML, like Gecko) Chrome/83.0.4103.106 Safari/537.36"
::1 - - [18/Jun/2020:22:02:39 +0000] "GET /css/layout.css HTTP/1.1" 404 153 "http://localhost:8000/" "Mozilla/5.0 (Windows NT 10.0; Win64; x64) AppleWebKit/537.36 (KHTML, like Gecko) Chrome/83.0.4103.106 Safari/537.36"
::1 - - [18/Jun/2020:22:02:39 +0000] "GET /css/header.css HTTP/1.1" 404 153 "http://localhost:8000/" "Mozilla/5.0 (Windows NT 10.0; Win64; x64) AppleWebKit/537.36 (KHTML, like Gecko) Chrome/83.0.4103.106 Safari/537.36"
::1 - - [18/Jun/2020:22:02:39 +0000] "GET /css/footer.css HTTP/1.1" 404 153 "http://localhost:8000/" "Mozilla/5.0 (Windows NT 10.0; Win64; x64) AppleWebKit/537.36 (KHTML, like Gecko) Chrome/83.0.4103.106 Safari/537.36"
::1 - - [18/Jun/2020:22:02:39 +0000] "GET /css/home.css HTTP/1.1" 404 151 "http://localhost:8000/" "Mozilla/5.0 (Windows NT 10.0; Win64; x64) AppleWebKit/537.36 (KHTML, like Gecko) Chrome/83.0.4103.106 Safari/537.36"
::1 - - [18/Jun/2020:22:02:39 +0000] "GET /js/home_posts.js HTTP/1.1" 404 155 "http://localhost:8000/" "Mozilla/5.0 (Windows NT 10.0; Win64; x64) AppleWebKit/537.36 (KHTML, like Gecko) Chrome/83.0.4103.106 Safari/537.36"
::1 - - [18/Jun/2020:22:02:39 +0000] "GET /css/chatbox.css HTTP/1.1" 404 154 "http://localhost:8000/" "Mozilla/5.0 (Windows NT 10.0; Win64; x64) AppleWebKit/537.36 (KHTML, like Gecko) Chrome/83.0.4103.106 Safari/537.36"
::1 - - [18/Jun/2020:22:02:39 +0000] "GET /js/home_comment.js HTTP/1.1" 404 157 "http://localhost:8000/" "Mozilla/5.0 (Windows NT 10.0; Win64; x64) AppleWebKit/537.36 (KHTML, like Gecko) Chrome/83.0.4103.106 Safari/537.36"
::1 - - [18/Jun/2020:22:02:39 +0000] "GET /js/toggle_like.js HTTP/1.1" 404 156 "http://localhost:8000/" "Mozilla/5.0 (Windows NT 10.0; Win64; x64) AppleWebKit/537.36 (KHTML, like Gecko) Chrome/83.0.4103.106 Safari/537.36"
::1 - - [18/Jun/2020:22:02:39 +0000] "GET /css/layout.css HTTP/1.1" 404 153 "http://localhost:8000/" "Mozilla/5.0 (Windows NT 10.0; Win64; x64) AppleWebKit/537.36 (KHTML, like Gecko) Chrome/83.0.4103.106 Safari/537.36"
::1 - - [18/Jun/2020:22:02:39 +0000] "GET /js/chat_engine.js HTTP/1.1" 404 156 "http://localhost:8000/" "Mozilla/5.0 (Windows NT 10.0; Win64; x64) AppleWebKit/537.36 (KHTML, like Gecko) Chrome/83.0.4103.106 Safari/537.36"
::1 - - [18/Jun/2020:22:02:39 +0000] "GET /css/header.css HTTP/1.1" 404 153 "http://localhost:8000/" "Mozilla/5.0 (Windows NT 10.0; Win64; x64) AppleWebKit/537.36 (KHTML, like Gecko) Chrome/83.0.4103.106 Safari/537.36"
::1 - - [18/Jun/2020:22:02:39 +0000] "GET /js/home_comment.js HTTP/1.1" 404 157 "http://localhost:8000/" "Mozilla/5.0 (Windows NT 10.0; Win64; x64) AppleWebKit/537.36 (KHTML, like Gecko) Chrome/83.0.4103.106 Safari/537.36"
::1 - - [18/Jun/2020:22:02:39 +0000] "GET /js/home_posts.js HTTP/1.1" 404 155 "http://localhost:8000/" "Mozilla/5.0 (Windows NT 10.0; Win64; x64) AppleWebKit/537.36 (KHTML, like Gecko) Chrome/83.0.4103.106 Safari/537.36"
::1 - - [18/Jun/2020:22:02:39 +0000] "GET /js/toggle_like.js HTTP/1.1" 404 156 "http://localhost:8000/" "Mozilla/5.0 (Windows NT 10.0; Win64; x64) AppleWebKit/537.36 (KHTML, like Gecko) Chrome/83.0.4103.106 Safari/537.36"
::1 - - [18/Jun/2020:22:02:39 +0000] "GET /js/chat_engine.js HTTP/1.1" 404 156 "http://localhost:8000/" "Mozilla/5.0 (Windows NT 10.0; Win64; x64) AppleWebKit/537.36 (KHTML, like Gecko) Chrome/83.0.4103.106 Safari/537.36"
::1 - - [18/Jun/2020:23:02:53 +0000] "GET / HTTP/1.1" 500 1967 "-" "Mozilla/5.0 (Windows NT 10.0; Win64; x64) AppleWebKit/537.36 (KHTML, like Gecko) Chrome/83.0.4103.106 Safari/537.36"
::1 - - [18/Jun/2020:23:05:35 +0000] "GET / HTTP/1.1" 200 4818 "-" "Mozilla/5.0 (Windows NT 10.0; Win64; x64) AppleWebKit/537.36 (KHTML, like Gecko) Chrome/83.0.4103.106 Safari/537.36"
::1 - - [18/Jun/2020:23:05:41 +0000] "GET /users/signin HTTP/1.1" 200 1991 "http://localhost:8000/" "Mozilla/5.0 (Windows NT 10.0; Win64; x64) AppleWebKit/537.36 (KHTML, like Gecko) Chrome/83.0.4103.106 Safari/537.36"
::1 - - [18/Jun/2020:23:06:21 +0000] "POST /users/create-session HTTP/1.1" 302 70 "http://localhost:8000/users/signin" "Mozilla/5.0 (Windows NT 10.0; Win64; x64) AppleWebKit/537.36 (KHTML, like Gecko) Chrome/83.0.4103.106 Safari/537.36"
::1 - - [18/Jun/2020:23:06:21 +0000] "GET /users/signin HTTP/1.1" 200 2308 "http://localhost:8000/users/signin" "Mozilla/5.0 (Windows NT 10.0; Win64; x64) AppleWebKit/537.36 (KHTML, like Gecko) Chrome/83.0.4103.106 Safari/537.36"
::1 - - [18/Jun/2020:23:06:26 +0000] "POST /users/create-session HTTP/1.1" 302 46 "http://localhost:8000/users/signin" "Mozilla/5.0 (Windows NT 10.0; Win64; x64) AppleWebKit/537.36 (KHTML, like Gecko) Chrome/83.0.4103.106 Safari/537.36"
::1 - - [18/Jun/2020:23:06:26 +0000] "GET / HTTP/1.1" 200 8094 "http://localhost:8000/users/signin" "Mozilla/5.0 (Windows NT 10.0; Win64; x64) AppleWebKit/537.36 (KHTML, like Gecko) Chrome/83.0.4103.106 Safari/537.36"
::1 - - [18/Jun/2020:23:06:33 +0000] "POST /posts/create HTTP/1.1" 200 275 "http://localhost:8000/" "Mozilla/5.0 (Windows NT 10.0; Win64; x64) AppleWebKit/537.36 (KHTML, like Gecko) Chrome/83.0.4103.106 Safari/537.36"
::1 - - [18/Jun/2020:23:06:39 +0000] "POST /comments/create HTTP/1.1" 200 325 "http://localhost:8000/" "Mozilla/5.0 (Windows NT 10.0; Win64; x64) AppleWebKit/537.36 (KHTML, like Gecko) Chrome/83.0.4103.106 Safari/537.36"
::1 - - [18/Jun/2020:23:06:41 +0000] "GET /comments/destroy/5eebf37f24f14e33642946c6 HTTP/1.1" 200 78 "http://localhost:8000/" "Mozilla/5.0 (Windows NT 10.0; Win64; x64) AppleWebKit/537.36 (KHTML, like Gecko) Chrome/83.0.4103.106 Safari/537.36"
::1 - - [18/Jun/2020:23:06:42 +0000] "GET /posts/destroy/5eebf37924f14e33642946c5 HTTP/1.1" 200 73 "http://localhost:8000/" "Mozilla/5.0 (Windows NT 10.0; Win64; x64) AppleWebKit/537.36 (KHTML, like Gecko) Chrome/83.0.4103.106 Safari/537.36"
::1 - - [18/Jun/2020:23:06:45 +0000] "POST /likes/toggle/?id=5eea82dfd12d3837440a097f&type=Post HTTP/1.1" 200 57 "http://localhost:8000/" "Mozilla/5.0 (Windows NT 10.0; Win64; x64) AppleWebKit/537.36 (KHTML, like Gecko) Chrome/83.0.4103.106 Safari/537.36"
::1 - - [18/Jun/2020:23:06:46 +0000] "POST /likes/toggle/?id=5eea82dfd12d3837440a097f&type=Post HTTP/1.1" 200 58 "http://localhost:8000/" "Mozilla/5.0 (Windows NT 10.0; Win64; x64) AppleWebKit/537.36 (KHTML, like Gecko) Chrome/83.0.4103.106 Safari/537.36"
::1 - - [18/Jun/2020:23:06:56 +0000] "GET /users/profile/5eea7a741ef0e844841e01e7 HTTP/1.1" 200 2150 "http://localhost:8000/" "Mozilla/5.0 (Windows NT 10.0; Win64; x64) AppleWebKit/537.36 (KHTML, like Gecko) Chrome/83.0.4103.106 Safari/537.36"
::1 - - [18/Jun/2020:23:09:21 +0000] "GET /users/signout HTTP/1.1" 302 46 "http://localhost:8000/users/profile/5eea7a741ef0e844841e01e7" "Mozilla/5.0 (Windows NT 10.0; Win64; x64) AppleWebKit/537.36 (KHTML, like Gecko) Chrome/83.0.4103.106 Safari/537.36"
::1 - - [18/Jun/2020:23:09:21 +0000] "GET / HTTP/1.1" 200 5131 "http://localhost:8000/users/profile/5eea7a741ef0e844841e01e7" "Mozilla/5.0 (Windows NT 10.0; Win64; x64) AppleWebKit/537.36 (KHTML, like Gecko) Chrome/83.0.4103.106 Safari/537.36"
::1 - - [18/Jun/2020:23:10:24 +0000] "GET / HTTP/1.1" 200 4818 "-" "Mozilla/5.0 (Windows NT 10.0; Win64; x64) AppleWebKit/537.36 (KHTML, like Gecko) Chrome/83.0.4103.106 Safari/537.36"
::1 - - [18/Jun/2020:23:10:30 +0000] "GET /users/profile/5eea7a741ef0e844841e01e7 HTTP/1.1" 302 70 "http://localhost:8000/" "Mozilla/5.0 (Windows NT 10.0; Win64; x64) AppleWebKit/537.36 (KHTML, like Gecko) Chrome/83.0.4103.106 Safari/537.36"
::1 - - [18/Jun/2020:23:10:30 +0000] "GET /users/signin HTTP/1.1" 200 1991 "http://localhost:8000/" "Mozilla/5.0 (Windows NT 10.0; Win64; x64) AppleWebKit/537.36 (KHTML, like Gecko) Chrome/83.0.4103.106 Safari/537.36"
::1 - - [18/Jun/2020:23:10:47 +0000] "POST /users/create-session HTTP/1.1" 302 46 "http://localhost:8000/users/signin" "Mozilla/5.0 (Windows NT 10.0; Win64; x64) AppleWebKit/537.36 (KHTML, like Gecko) Chrome/83.0.4103.106 Safari/537.36"
::1 - - [18/Jun/2020:23:10:47 +0000] "GET / HTTP/1.1" 200 8094 "http://localhost:8000/users/signin" "Mozilla/5.0 (Windows NT 10.0; Win64; x64) AppleWebKit/537.36 (KHTML, like Gecko) Chrome/83.0.4103.106 Safari/537.36"
::1 - - [18/Jun/2020:23:11:00 +0000] "POST /posts/create HTTP/1.1" 200 272 "http://localhost:8000/" "Mozilla/5.0 (Windows NT 10.0; Win64; x64) AppleWebKit/537.36 (KHTML, like Gecko) Chrome/83.0.4103.106 Safari/537.36"
::1 - - [18/Jun/2020:23:11:08 +0000] "GET /users/profile/5eea7a741ef0e844841e01e7 HTTP/1.1" 200 2150 "http://localhost:8000/" "Mozilla/5.0 (Windows NT 10.0; Win64; x64) AppleWebKit/537.36 (KHTML, like Gecko) Chrome/83.0.4103.106 Safari/537.36"
::1 - - [18/Jun/2020:23:11:19 +0000] "GET /users/signout HTTP/1.1" 302 46 "http://localhost:8000/users/profile/5eea7a741ef0e844841e01e7" "Mozilla/5.0 (Windows NT 10.0; Win64; x64) AppleWebKit/537.36 (KHTML, like Gecko) Chrome/83.0.4103.106 Safari/537.36"
::1 - - [18/Jun/2020:23:11:19 +0000] "GET / HTTP/1.1" 200 5755 "http://localhost:8000/users/profile/5eea7a741ef0e844841e01e7" "Mozilla/5.0 (Windows NT 10.0; Win64; x64) AppleWebKit/537.36 (KHTML, like Gecko) Chrome/83.0.4103.106 Safari/537.36"
::1 - - [18/Jun/2020:23:11:25 +0000] "GET /users/signin HTTP/1.1" 304 - "http://localhost:8000/" "Mozilla/5.0 (Windows NT 10.0; Win64; x64) AppleWebKit/537.36 (KHTML, like Gecko) Chrome/83.0.4103.106 Safari/537.36"
::1 - - [18/Jun/2020:23:11:26 +0000] "GET /users/auth/google HTTP/1.1" 302 0 "http://localhost:8000/users/signin" "Mozilla/5.0 (Windows NT 10.0; Win64; x64) AppleWebKit/537.36 (KHTML, like Gecko) Chrome/83.0.4103.106 Safari/537.36"
::1 - - [18/Jun/2020:23:11:57 +0000] "GET /users/auth/google HTTP/1.1" 302 0 "http://localhost:8000/users/signin" "Mozilla/5.0 (Windows NT 10.0; Win64; x64) AppleWebKit/537.36 (KHTML, like Gecko) Chrome/83.0.4103.106 Safari/537.36"
::1 - - [18/Jun/2020:23:12:10 +0000] "POST /users/create-session HTTP/1.1" 302 70 "http://localhost:8000/users/signin" "Mozilla/5.0 (Windows NT 10.0; Win64; x64) AppleWebKit/537.36 (KHTML, like Gecko) Chrome/83.0.4103.106 Safari/537.36"
::1 - - [18/Jun/2020:23:12:10 +0000] "GET /users/signin HTTP/1.1" 200 2308 "http://localhost:8000/users/signin" "Mozilla/5.0 (Windows NT 10.0; Win64; x64) AppleWebKit/537.36 (KHTML, like Gecko) Chrome/83.0.4103.106 Safari/537.36"
::1 - - [18/Jun/2020:23:12:17 +0000] "POST /users/create-session HTTP/1.1" 302 46 "http://localhost:8000/users/signin" "Mozilla/5.0 (Windows NT 10.0; Win64; x64) AppleWebKit/537.36 (KHTML, like Gecko) Chrome/83.0.4103.106 Safari/537.36"
::1 - - [18/Jun/2020:23:12:17 +0000] "GET / HTTP/1.1" 200 9381 "http://localhost:8000/users/signin" "Mozilla/5.0 (Windows NT 10.0; Win64; x64) AppleWebKit/537.36 (KHTML, like Gecko) Chrome/83.0.4103.106 Safari/537.36"
::1 - - [18/Jun/2020:23:13:18 +0000] "GET / HTTP/1.1" 200 9069 "-" "Mozilla/5.0 (Windows NT 10.0; Win64; x64) AppleWebKit/537.36 (KHTML, like Gecko) Chrome/83.0.4103.106 Safari/537.36"
::1 - - [18/Jun/2020:23:13:33 +0000] "GET /users/signout HTTP/1.1" 302 46 "http://localhost:8000/" "Mozilla/5.0 (Windows NT 10.0; Win64; x64) AppleWebKit/537.36 (KHTML, like Gecko) Chrome/83.0.4103.106 Safari/537.36"
::1 - - [18/Jun/2020:23:13:33 +0000] "GET / HTTP/1.1" 200 5755 "http://localhost:8000/" "Mozilla/5.0 (Windows NT 10.0; Win64; x64) AppleWebKit/537.36 (KHTML, like Gecko) Chrome/83.0.4103.106 Safari/537.36"
::1 - - [19/Jun/2020:19:21:07 +0000] "GET / HTTP/1.1" 200 5442 "-" "Mozilla/5.0 (Windows NT 10.0; Win64; x64) AppleWebKit/537.36 (KHTML, like Gecko) Chrome/83.0.4103.106 Safari/537.36"
::1 - - [19/Jun/2020:19:21:08 +0000] "GET /favicon.ico HTTP/1.1" 404 150 "http://localhost:8000/" "Mozilla/5.0 (Windows NT 10.0; Win64; x64) AppleWebKit/537.36 (KHTML, like Gecko) Chrome/83.0.4103.106 Safari/537.36"
::1 - - [19/Jun/2020:19:21:10 +0000] "GET /users/signin HTTP/1.1" 200 1991 "http://localhost:8000/" "Mozilla/5.0 (Windows NT 10.0; Win64; x64) AppleWebKit/537.36 (KHTML, like Gecko) Chrome/83.0.4103.106 Safari/537.36"
::1 - - [19/Jun/2020:19:21:21 +0000] "POST /users/create-session HTTP/1.1" 302 46 "http://localhost:8000/users/signin" "Mozilla/5.0 (Windows NT 10.0; Win64; x64) AppleWebKit/537.36 (KHTML, like Gecko) Chrome/83.0.4103.106 Safari/537.36"
::1 - - [19/Jun/2020:19:21:21 +0000] "GET / HTTP/1.1" 200 9381 "http://localhost:8000/users/signin" "Mozilla/5.0 (Windows NT 10.0; Win64; x64) AppleWebKit/537.36 (KHTML, like Gecko) Chrome/83.0.4103.106 Safari/537.36"
::1 - - [19/Jun/2020:19:21:28 +0000] "POST /comments/create HTTP/1.1" 200 326 "http://localhost:8000/" "Mozilla/5.0 (Windows NT 10.0; Win64; x64) AppleWebKit/537.36 (KHTML, like Gecko) Chrome/83.0.4103.106 Safari/537.36"
::1 - - [19/Jun/2020:19:21:33 +0000] "GET /posts/destroy/5eea7a871ef0e844841e01e8 HTTP/1.1" 200 73 "http://localhost:8000/" "Mozilla/5.0 (Windows NT 10.0; Win64; x64) AppleWebKit/537.36 (KHTML, like Gecko) Chrome/83.0.4103.106 Safari/537.36"
